<?xml version="1.0" encoding="UTF-8"?>
<!-- Generated by org.testng.reporters.JUnitReportReporter -->
<testsuite hostname="DESKTOP-6G8U3P0" failures="0" tests="1" name="lynk.Manager.ContactGeneralInfoTest" time="66.351" errors="0" timestamp="2021-06-11T16:23:20 IST" skipped="0">
  <testcase classname="lynk.Manager.ContactGeneralInfoTest" name="link" time="66.351"/>
  <system-out/>
</testsuite> <!-- lynk.Manager.ContactGeneralInfoTest -->
