<?xml version="1.0" encoding="UTF-8"?>
<!-- Generated by org.testng.reporters.JUnitReportReporter -->
<testsuite hostname="DESKTOP-VA1VJ5J" failures="0" tests="1"
	name="lynk.Manager.PackageTest" time="106.968" errors="0"
	timestamp="2020-10-08T18:43:08 IST" skipped="0">
	<testcase classname="lynk.Manager.PackageTest"
		name="packageScreentest" time="106.968" />
	<system-out />
</testsuite> <!-- lynk.Manager.PackageTest -->
