<?xml version="1.0" encoding="UTF-8"?>
<!-- Generated by org.testng.reporters.JUnitReportReporter -->
<testsuite hostname="DESKTOP-VA1VJ5J" failures="0" tests="1"
	name="lynk.Manager.FilteresInProgrammes" time="37.305" errors="0"
	timestamp="2020-10-12T18:37:06 IST" skipped="0">
	<testcase classname="lynk.Manager.FilteresInProgrammes"
		name="progView" time="37.305" />
	<system-out />
</testsuite> <!-- lynk.Manager.FilteresInProgrammes -->
