<?xml version="1.0" encoding="UTF-8"?>
<!-- Generated by org.testng.reporters.JUnitReportReporter -->
<testsuite hostname="DESKTOP-6G8U3P0" failures="0" tests="1" name="lynk.Manager.ProgramInformationGeneralTest" time="43.594" errors="0" timestamp="2021-06-25T15:51:57 IST" skipped="0">
  <testcase classname="lynk.Manager.ProgramInformationGeneralTest" name="programmesScreen" time="43.594"/>
  <system-out/>
</testsuite> <!-- lynk.Manager.ProgramInformationGeneralTest -->
