<?xml version="1.0" encoding="UTF-8"?>
<!-- Generated by org.testng.reporters.JUnitReportReporter -->
<testsuite hostname="DESKTOP-VA1VJ5J" failures="0" tests="1"
	name="lynk.Manager.ContactTest" time="51.834" errors="0"
	timestamp="2020-10-12T19:57:32 IST" skipped="0">
	<testcase classname="lynk.Manager.ContactTest" name="link"
		time="51.834" />
	<system-out />
</testsuite> <!-- lynk.Manager.ContactTest -->
