<?xml version="1.0" encoding="UTF-8"?>
<!-- Generated by org.testng.reporters.JUnitReportReporter -->
<testsuite hostname="DESKTOP-6G8U3P0" failures="0" tests="1" name="lynk.Manager.ContactDocumentationTest" time="70.332" errors="0" timestamp="2021-06-28T20:31:09 IST" skipped="0">
  <testcase classname="lynk.Manager.ContactDocumentationTest" name="documentationScreen" time="70.332"/>
  <system-out/>
</testsuite> <!-- lynk.Manager.ContactDocumentationTest -->
