<?xml version="1.0" encoding="UTF-8"?>
<!-- Generated by org.testng.reporters.JUnitReportReporter -->
<testsuite hostname="DESKTOP-6G8U3P0" failures="0" tests="1" name="lynk.Manager.ContactSecondBuyerTest" time="113.297" errors="0" timestamp="2021-06-24T20:46:21 IST" skipped="0">
  <testcase classname="lynk.Manager.ContactSecondBuyerTest" name="secondBuyScreen" time="113.297"/>
  <system-out/>
</testsuite> <!-- lynk.Manager.ContactSecondBuyerTest -->
