<?xml version="1.0" encoding="UTF-8"?>
<!-- Generated by org.testng.reporters.JUnitReportReporter -->
<testsuite hostname="DESKTOP-VA1VJ5J" failures="0" tests="1"
	name="lynk.Manager.ProspectsTest" time="179.343" errors="0"
	timestamp="2020-11-23T20:46:05 IST" skipped="0">
	<testcase classname="lynk.Manager.ProspectsTest"
		name="electricSignature" time="179.343" />
	<system-out />
</testsuite> <!-- lynk.Manager.ProspectsTest -->
