<?xml version="1.0" encoding="UTF-8"?>
<!-- Generated by org.testng.reporters.JUnitReportReporter -->
<testsuite hostname="DESKTOP-6G8U3P0" failures="0" tests="1" name="lynk.Manager.ProgramLotsTest" time="58.283" errors="0" timestamp="2021-06-24T17:33:04 IST" skipped="0">
  <testcase classname="lynk.Manager.ProgramLotsTest" name="testingForAppartements" time="58.283"/>
  <system-out/>
</testsuite> <!-- lynk.Manager.ProgramLotsTest -->
