<?xml version="1.0" encoding="UTF-8"?>
<!-- Generated by org.testng.reporters.JUnitReportReporter -->
<testsuite hostname="DESKTOP-VA1VJ5J" failures="0" tests="1"
	name="lynk.Manager.AllotmentScreenTest" time="55.579" errors="0"
	timestamp="2020-11-27T20:33:46 IST" skipped="0">
	<testcase classname="lynk.Manager.AllotmentScreenTest"
		name="allotmentScreen" time="55.579" />
	<system-out />
</testsuite> <!-- lynk.Manager.AllotmentScreenTest -->
