<?xml version="1.0" encoding="UTF-8"?>
<!-- Generated by org.testng.reporters.JUnitReportReporter -->
<testsuite hostname="DESKTOP-6G8U3P0" failures="0" tests="1" name="lynk.Manager.ContactSearchCriteriaTest" time="110.994" errors="0" timestamp="2021-06-15T17:18:00 IST" skipped="0">
  <testcase classname="lynk.Manager.ContactSearchCriteriaTest" name="searchScreen" time="110.994"/>
  <system-out/>
</testsuite> <!-- lynk.Manager.ContactSearchCriteriaTest -->
