<?xml version="1.0" encoding="UTF-8"?>
<!-- Generated by org.testng.reporters.JUnitReportReporter -->
<testsuite hostname="DESKTOP-6G8U3P0" failures="0" tests="1" name="lynk.Manager.ContactSecondBuyerTest" time="57.918" errors="0" timestamp="2021-06-11T17:17:25 IST" skipped="0">
  <testcase classname="lynk.Manager.ContactSecondBuyerTest" name="secondBuyScreen" time="57.918"/>
  <system-out/>
</testsuite> <!-- lynk.Manager.ContactSecondBuyerTest -->
