<?xml version="1.0" encoding="UTF-8"?>
<!-- Generated by org.testng.reporters.JUnitReportReporter -->
<testsuite hostname="DESKTOP-6G8U3P0" failures="0" tests="1" name="lynk.Manager.ProgramLocalisationTest" time="57.379" errors="0" timestamp="2021-06-11T16:07:03 IST" skipped="0">
  <testcase classname="lynk.Manager.ProgramLocalisationTest" name="localisation" time="57.379"/>
  <system-out/>
</testsuite> <!-- lynk.Manager.ProgramLocalisationTest -->
