<?xml version="1.0" encoding="UTF-8"?>
<!-- Generated by org.testng.reporters.JUnitReportReporter -->
<testsuite hostname="DESKTOP-6G8U3P0" failures="0" tests="1" name="lynk.Manager.ProgramMediaTest" time="187.158" errors="0" timestamp="2021-06-24T17:50:46 IST" skipped="0">
  <testcase classname="lynk.Manager.ProgramMediaTest" name="mediaTypes" time="187.158"/>
  <system-out/>
</testsuite> <!-- lynk.Manager.ProgramMediaTest -->
