<?xml version="1.0" encoding="UTF-8"?>
<!-- Generated by org.testng.reporters.JUnitReportReporter -->
<testsuite hostname="DESKTOP-6G8U3P0" failures="0" tests="1" name="lynk.Manager.ContactPersonalInfoTest" time="99.620" errors="0" timestamp="2021-06-24T20:52:21 IST" skipped="0">
  <testcase classname="lynk.Manager.ContactPersonalInfoTest" name="personalInfo" time="99.620"/>
  <system-out/>
</testsuite> <!-- lynk.Manager.ContactPersonalInfoTest -->
