<?xml version="1.0" encoding="UTF-8"?>
<!-- Generated by org.testng.reporters.JUnitReportReporter -->
<testsuite hostname="DESKTOP-6G8U3P0" failures="0" tests="1" name="lynk.Manager.ContactSearchCriteriaTest" time="88.139" errors="0" timestamp="2021-06-24T20:59:15 IST" skipped="0">
  <testcase classname="lynk.Manager.ContactSearchCriteriaTest" name="searchScreen" time="88.139"/>
  <system-out/>
</testsuite> <!-- lynk.Manager.ContactSearchCriteriaTest -->
