<?xml version="1.0" encoding="UTF-8"?>
<!-- Generated by org.testng.reporters.JUnitReportReporter -->
<testsuite hostname="DESKTOP-VA1VJ5J" failures="0" tests="1"
	name="lynk.Manager.ContentScreenTest" time="54.821" errors="0"
	timestamp="2020-11-24T16:25:12 IST" skipped="0">
	<testcase classname="lynk.Manager.ContentScreenTest"
		name="contents" time="54.821" />
	<system-out />
</testsuite> <!-- lynk.Manager.ContentScreenTest -->
