<?xml version="1.0" encoding="UTF-8"?>
<!-- Generated by org.testng.reporters.JUnitReportReporter -->
<testsuite hostname="DESKTOP-VA1VJ5J" failures="0" tests="1"
	name="lynk.Manager.ElectricalSignatureTest" time="114.666" errors="0"
	timestamp="2020-12-04T20:33:22 IST" skipped="0">
	<testcase classname="lynk.Manager.ElectricalSignatureTest"
		name="getList" time="114.666" />
	<system-out />
</testsuite> <!-- lynk.Manager.ElectricalSignatureTest -->
