<?xml version="1.0" encoding="UTF-8"?>
<!-- Generated by org.testng.reporters.JUnitReportReporter -->
<testsuite hostname="DESKTOP-6G8U3P0" failures="0" tests="1" name="lynk.Manager.ContactOpportunityTest" time="90.668" errors="0" timestamp="2021-06-28T19:30:50 IST" skipped="0">
  <testcase classname="lynk.Manager.ContactOpportunityTest" name="opportunityTest" time="90.668"/>
  <system-out/>
</testsuite> <!-- lynk.Manager.ContactOpportunityTest -->
