<?xml version="1.0" encoding="UTF-8"?>
<!-- Generated by org.testng.reporters.JUnitReportReporter -->
<testsuite hostname="DESKTOP-VA1VJ5J" failures="0" tests="1"
	name="lynk.Manager.AllotementTest" time="126.164" errors="0"
	timestamp="2020-10-09T14:41:03 IST" skipped="0">
	<testcase classname="lynk.Manager.AllotementTest"
		name="internalSeller" time="126.164" />
	<system-out />
</testsuite> <!-- lynk.Manager.AllotementTest -->
