<?xml version="1.0" encoding="UTF-8"?>
<!-- Generated by org.testng.reporters.JUnitReportReporter -->
<testsuite hostname="DESKTOP-6G8U3P0" failures="0" tests="1" name="lynk.Manager.ContactFinanceTest" time="59.681" errors="0" timestamp="2021-06-15T18:38:34 IST" skipped="0">
  <testcase classname="lynk.Manager.ContactFinanceTest" name="financeTest" time="59.681"/>
  <system-out/>
</testsuite> <!-- lynk.Manager.ContactFinanceTest -->
