<?xml version="1.0" encoding="UTF-8"?>
<!-- Generated by org.testng.reporters.JUnitReportReporter -->
<testsuite hostname="DESKTOP-6G8U3P0" failures="0" tests="1" name="lynk.Manager.ProgramLotsTest" time="64.465" errors="0" timestamp="2021-06-11T16:10:26 IST" skipped="0">
  <testcase classname="lynk.Manager.ProgramLotsTest" name="testingForAppartements" time="64.465"/>
  <system-out/>
</testsuite> <!-- lynk.Manager.ProgramLotsTest -->
