<?xml version="1.0" encoding="UTF-8"?>
<!-- Generated by org.testng.reporters.JUnitReportReporter -->
<testsuite hostname="DESKTOP-6G8U3P0" failures="0" tests="1" name="lynk.Manager.ProgramLocalisationTest" time="69.070" errors="0" timestamp="2021-07-02T16:51:33 IST" skipped="0">
  <testcase classname="lynk.Manager.ProgramLocalisationTest" name="localisation" time="69.070"/>
  <system-out/>
</testsuite> <!-- lynk.Manager.ProgramLocalisationTest -->
