<?xml version="1.0" encoding="UTF-8"?>
<!-- Generated by org.testng.reporters.JUnitReportReporter -->
<testsuite hostname="DESKTOP-VA1VJ5J" failures="0" tests="1"
	name="lynk.Manager.ProgrammesHomeScreen" time="0.020" errors="0"
	timestamp="2020-10-12T16:25:25 IST" skipped="0">
	<testcase classname="lynk.Manager.ProgrammesHomeScreen"
		name="programeView" time="0.020" />
	<system-out />
</testsuite> <!-- lynk.Manager.ProgrammesHomeScreen -->
