<?xml version="1.0" encoding="UTF-8"?>
<!-- Generated by org.testng.reporters.JUnitReportReporter -->
<testsuite hostname="DESKTOP-VA1VJ5J" failures="0" tests="1"
	name="lynk.Manager.MediaTest" time="110.741" errors="0"
	timestamp="2020-10-08T19:16:46 IST" skipped="0">
	<testcase classname="lynk.Manager.MediaTest" name="save"
		time="110.741" />
	<system-out />
</testsuite> <!-- lynk.Manager.MediaTest -->
