<?xml version="1.0" encoding="UTF-8"?>
<!-- Generated by org.testng.reporters.JUnitReportReporter -->
<testsuite hostname="DESKTOP-6G8U3P0" failures="0" tests="1" name="lynk.Manager.ContactOpportunityTest" time="75.950" errors="0" timestamp="2021-06-23T19:34:44 IST" skipped="0">
  <testcase classname="lynk.Manager.ContactOpportunityTest" name="opportunityTest" time="75.950"/>
  <system-out/>
</testsuite> <!-- lynk.Manager.ContactOpportunityTest -->
