<?xml version="1.0" encoding="UTF-8"?>
<!-- Generated by org.testng.reporters.JUnitReportReporter -->
<testsuite hostname="DESKTOP-V6S29JE" failures="0" tests="1" name="lynk.Manager.EmailTemplateScreenTest" time="31.753" errors="0" timestamp="2021-05-14T20:44:17 IST" skipped="0">
  <testcase classname="lynk.Manager.EmailTemplateScreenTest" name="emailTemplateTest" time="31.753"/>
  <system-out/>
</testsuite> <!-- lynk.Manager.EmailTemplateScreenTest -->
